[13-Apr-2017 02:32:36 UTC] PHP Warning:  include(/home/ubuntu/workspace/includes/head.php): failed to open stream: No such file or directory in /home/ubuntu/workspace/GEP/GEP_Calculate.php on line 11
[13-Apr-2017 02:32:36 UTC] PHP Stack trace:
[13-Apr-2017 02:32:36 UTC] PHP   1. {main}() /home/ubuntu/workspace/GEP/GEP_Calculate.php:0
[13-Apr-2017 02:32:36 UTC] PHP Warning:  include(): Failed opening '/home/ubuntu/workspace/includes/head.php' for inclusion (include_path='.:/usr/share/php:/usr/share/pear') in /home/ubuntu/workspace/GEP/GEP_Calculate.php on line 11
[13-Apr-2017 02:32:36 UTC] PHP Stack trace:
[13-Apr-2017 02:32:36 UTC] PHP   1. {main}() /home/ubuntu/workspace/GEP/GEP_Calculate.php:0
[13-Apr-2017 02:32:36 UTC] PHP Warning:  include_once(/home/ubuntu/workspace/includes/navbar.php): failed to open stream: No such file or directory in /home/ubuntu/workspace/GEP/GEP_Calculate.php on line 31
[13-Apr-2017 02:32:36 UTC] PHP Stack trace:
[13-Apr-2017 02:32:36 UTC] PHP   1. {main}() /home/ubuntu/workspace/GEP/GEP_Calculate.php:0
[13-Apr-2017 02:32:36 UTC] PHP Warning:  include_once(): Failed opening '/home/ubuntu/workspace/includes/navbar.php' for inclusion (include_path='.:/usr/share/php:/usr/share/pear') in /home/ubuntu/workspace/GEP/GEP_Calculate.php on line 31
[13-Apr-2017 02:32:36 UTC] PHP Stack trace:
[13-Apr-2017 02:32:36 UTC] PHP   1. {main}() /home/ubuntu/workspace/GEP/GEP_Calculate.php:0
[13-Apr-2017 04:46:57 UTC] PHP Warning:  include(/home/ubuntu/workspace/includes/head.php): failed to open stream: No such file or directory in /home/ubuntu/workspace/GEP/GEP_Calculate.php on line 11
[13-Apr-2017 04:46:57 UTC] PHP Stack trace:
[13-Apr-2017 04:46:57 UTC] PHP   1. {main}() /home/ubuntu/workspace/GEP/GEP_Calculate.php:0
[13-Apr-2017 04:46:57 UTC] PHP Warning:  include(): Failed opening '/home/ubuntu/workspace/includes/head.php' for inclusion (include_path='.:/usr/share/php:/usr/share/pear') in /home/ubuntu/workspace/GEP/GEP_Calculate.php on line 11
[13-Apr-2017 04:46:57 UTC] PHP Stack trace:
[13-Apr-2017 04:46:57 UTC] PHP   1. {main}() /home/ubuntu/workspace/GEP/GEP_Calculate.php:0
[13-Apr-2017 04:46:57 UTC] PHP Warning:  include_once(/home/ubuntu/workspace/includes/navbar.php): failed to open stream: No such file or directory in /home/ubuntu/workspace/GEP/GEP_Calculate.php on line 31
[13-Apr-2017 04:46:57 UTC] PHP Stack trace:
[13-Apr-2017 04:46:57 UTC] PHP   1. {main}() /home/ubuntu/workspace/GEP/GEP_Calculate.php:0
[13-Apr-2017 04:46:57 UTC] PHP Warning:  include_once(): Failed opening '/home/ubuntu/workspace/includes/navbar.php' for inclusion (include_path='.:/usr/share/php:/usr/share/pear') in /home/ubuntu/workspace/GEP/GEP_Calculate.php on line 31
[13-Apr-2017 04:46:57 UTC] PHP Stack trace:
[13-Apr-2017 04:46:57 UTC] PHP   1. {main}() /home/ubuntu/workspace/GEP/GEP_Calculate.php:0
[13-Apr-2017 04:48:29 UTC] PHP Warning:  include(/home/ubuntu/workspace/includes/head.php): failed to open stream: No such file or directory in /home/ubuntu/workspace/GEP/GEP_Calculate.php on line 11
[13-Apr-2017 04:48:29 UTC] PHP Stack trace:
[13-Apr-2017 04:48:29 UTC] PHP   1. {main}() /home/ubuntu/workspace/GEP/GEP_Calculate.php:0
[13-Apr-2017 04:48:29 UTC] PHP Warning:  include(): Failed opening '/home/ubuntu/workspace/includes/head.php' for inclusion (include_path='.:/usr/share/php:/usr/share/pear') in /home/ubuntu/workspace/GEP/GEP_Calculate.php on line 11
[13-Apr-2017 04:48:29 UTC] PHP Stack trace:
[13-Apr-2017 04:48:29 UTC] PHP   1. {main}() /home/ubuntu/workspace/GEP/GEP_Calculate.php:0
[13-Apr-2017 04:48:29 UTC] PHP Warning:  include_once(/home/ubuntu/workspace/includes/navbar.php): failed to open stream: No such file or directory in /home/ubuntu/workspace/GEP/GEP_Calculate.php on line 31
[13-Apr-2017 04:48:29 UTC] PHP Stack trace:
[13-Apr-2017 04:48:29 UTC] PHP   1. {main}() /home/ubuntu/workspace/GEP/GEP_Calculate.php:0
[13-Apr-2017 04:48:29 UTC] PHP Warning:  include_once(): Failed opening '/home/ubuntu/workspace/includes/navbar.php' for inclusion (include_path='.:/usr/share/php:/usr/share/pear') in /home/ubuntu/workspace/GEP/GEP_Calculate.php on line 31
[13-Apr-2017 04:48:29 UTC] PHP Stack trace:
[13-Apr-2017 04:48:29 UTC] PHP   1. {main}() /home/ubuntu/workspace/GEP/GEP_Calculate.php:0
[13-Apr-2017 04:49:41 UTC] PHP Warning:  include(/home/ubuntu/workspace/includes/head.php): failed to open stream: No such file or directory in /home/ubuntu/workspace/GEP/GEP_Calculate.php on line 11
[13-Apr-2017 04:49:41 UTC] PHP Stack trace:
[13-Apr-2017 04:49:41 UTC] PHP   1. {main}() /home/ubuntu/workspace/GEP/GEP_Calculate.php:0
[13-Apr-2017 04:49:41 UTC] PHP Warning:  include(): Failed opening '/home/ubuntu/workspace/includes/head.php' for inclusion (include_path='.:/usr/share/php:/usr/share/pear') in /home/ubuntu/workspace/GEP/GEP_Calculate.php on line 11
[13-Apr-2017 04:49:41 UTC] PHP Stack trace:
[13-Apr-2017 04:49:41 UTC] PHP   1. {main}() /home/ubuntu/workspace/GEP/GEP_Calculate.php:0
[13-Apr-2017 04:49:41 UTC] PHP Warning:  include_once(/home/ubuntu/workspace/includes/navbar.php): failed to open stream: No such file or directory in /home/ubuntu/workspace/GEP/GEP_Calculate.php on line 31
[13-Apr-2017 04:49:41 UTC] PHP Stack trace:
[13-Apr-2017 04:49:41 UTC] PHP   1. {main}() /home/ubuntu/workspace/GEP/GEP_Calculate.php:0
[13-Apr-2017 04:49:41 UTC] PHP Warning:  include_once(): Failed opening '/home/ubuntu/workspace/includes/navbar.php' for inclusion (include_path='.:/usr/share/php:/usr/share/pear') in /home/ubuntu/workspace/GEP/GEP_Calculate.php on line 31
[13-Apr-2017 04:49:41 UTC] PHP Stack trace:
[13-Apr-2017 04:49:41 UTC] PHP   1. {main}() /home/ubuntu/workspace/GEP/GEP_Calculate.php:0
[13-Apr-2017 04:51:22 UTC] PHP Warning:  include(/home/ubuntu/workspace/includes/head.php): failed to open stream: No such file or directory in /home/ubuntu/workspace/GEP/GEP_Calculate.php on line 11
[13-Apr-2017 04:51:22 UTC] PHP Stack trace:
[13-Apr-2017 04:51:22 UTC] PHP   1. {main}() /home/ubuntu/workspace/GEP/GEP_Calculate.php:0
[13-Apr-2017 04:51:22 UTC] PHP Warning:  include(): Failed opening '/home/ubuntu/workspace/includes/head.php' for inclusion (include_path='.:/usr/share/php:/usr/share/pear') in /home/ubuntu/workspace/GEP/GEP_Calculate.php on line 11
[13-Apr-2017 04:51:22 UTC] PHP Stack trace:
[13-Apr-2017 04:51:22 UTC] PHP   1. {main}() /home/ubuntu/workspace/GEP/GEP_Calculate.php:0
[13-Apr-2017 04:51:22 UTC] PHP Warning:  include_once(/home/ubuntu/workspace/includes/navbar.php): failed to open stream: No such file or directory in /home/ubuntu/workspace/GEP/GEP_Calculate.php on line 31
[13-Apr-2017 04:51:22 UTC] PHP Stack trace:
[13-Apr-2017 04:51:22 UTC] PHP   1. {main}() /home/ubuntu/workspace/GEP/GEP_Calculate.php:0
[13-Apr-2017 04:51:22 UTC] PHP Warning:  include_once(): Failed opening '/home/ubuntu/workspace/includes/navbar.php' for inclusion (include_path='.:/usr/share/php:/usr/share/pear') in /home/ubuntu/workspace/GEP/GEP_Calculate.php on line 31
[13-Apr-2017 04:51:22 UTC] PHP Stack trace:
[13-Apr-2017 04:51:22 UTC] PHP   1. {main}() /home/ubuntu/workspace/GEP/GEP_Calculate.php:0
[13-Apr-2017 04:51:50 UTC] PHP Warning:  include(/home/ubuntu/workspace/includes/head.php): failed to open stream: No such file or directory in /home/ubuntu/workspace/GEP/GEP_Calculate.php on line 11
[13-Apr-2017 04:51:50 UTC] PHP Stack trace:
[13-Apr-2017 04:51:50 UTC] PHP   1. {main}() /home/ubuntu/workspace/GEP/GEP_Calculate.php:0
[13-Apr-2017 04:51:50 UTC] PHP Warning:  include(): Failed opening '/home/ubuntu/workspace/includes/head.php' for inclusion (include_path='.:/usr/share/php:/usr/share/pear') in /home/ubuntu/workspace/GEP/GEP_Calculate.php on line 11
[13-Apr-2017 04:51:50 UTC] PHP Stack trace:
[13-Apr-2017 04:51:50 UTC] PHP   1. {main}() /home/ubuntu/workspace/GEP/GEP_Calculate.php:0
[13-Apr-2017 04:51:50 UTC] PHP Warning:  include_once(/home/ubuntu/workspace/includes/navbar.php): failed to open stream: No such file or directory in /home/ubuntu/workspace/GEP/GEP_Calculate.php on line 30
[13-Apr-2017 04:51:50 UTC] PHP Stack trace:
[13-Apr-2017 04:51:50 UTC] PHP   1. {main}() /home/ubuntu/workspace/GEP/GEP_Calculate.php:0
[13-Apr-2017 04:51:50 UTC] PHP Warning:  include_once(): Failed opening '/home/ubuntu/workspace/includes/navbar.php' for inclusion (include_path='.:/usr/share/php:/usr/share/pear') in /home/ubuntu/workspace/GEP/GEP_Calculate.php on line 30
[13-Apr-2017 04:51:50 UTC] PHP Stack trace:
[13-Apr-2017 04:51:50 UTC] PHP   1. {main}() /home/ubuntu/workspace/GEP/GEP_Calculate.php:0
[13-Apr-2017 04:53:29 UTC] PHP Warning:  include(/home/ubuntu/workspace/includes/head.php): failed to open stream: No such file or directory in /home/ubuntu/workspace/GEP/GEP_Calculate.php on line 11
[13-Apr-2017 04:53:29 UTC] PHP Stack trace:
[13-Apr-2017 04:53:29 UTC] PHP   1. {main}() /home/ubuntu/workspace/GEP/GEP_Calculate.php:0
[13-Apr-2017 04:53:29 UTC] PHP Warning:  include(): Failed opening '/home/ubuntu/workspace/includes/head.php' for inclusion (include_path='.:/usr/share/php:/usr/share/pear') in /home/ubuntu/workspace/GEP/GEP_Calculate.php on line 11
[13-Apr-2017 04:53:29 UTC] PHP Stack trace:
[13-Apr-2017 04:53:29 UTC] PHP   1. {main}() /home/ubuntu/workspace/GEP/GEP_Calculate.php:0
[13-Apr-2017 04:53:29 UTC] PHP Warning:  include_once(/home/ubuntu/workspace/includes/navbar.php): failed to open stream: No such file or directory in /home/ubuntu/workspace/GEP/GEP_Calculate.php on line 30
[13-Apr-2017 04:53:29 UTC] PHP Stack trace:
[13-Apr-2017 04:53:29 UTC] PHP   1. {main}() /home/ubuntu/workspace/GEP/GEP_Calculate.php:0
[13-Apr-2017 04:53:29 UTC] PHP Warning:  include_once(): Failed opening '/home/ubuntu/workspace/includes/navbar.php' for inclusion (include_path='.:/usr/share/php:/usr/share/pear') in /home/ubuntu/workspace/GEP/GEP_Calculate.php on line 30
[13-Apr-2017 04:53:29 UTC] PHP Stack trace:
[13-Apr-2017 04:53:29 UTC] PHP   1. {main}() /home/ubuntu/workspace/GEP/GEP_Calculate.php:0
[13-Apr-2017 04:54:54 UTC] PHP Warning:  include(/home/ubuntu/workspace/includes/head.php): failed to open stream: No such file or directory in /home/ubuntu/workspace/GEP/GEP_Calculate.php on line 10
[13-Apr-2017 04:54:54 UTC] PHP Stack trace:
[13-Apr-2017 04:54:54 UTC] PHP   1. {main}() /home/ubuntu/workspace/GEP/GEP_Calculate.php:0
[13-Apr-2017 04:54:54 UTC] PHP Warning:  include(): Failed opening '/home/ubuntu/workspace/includes/head.php' for inclusion (include_path='.:/usr/share/php:/usr/share/pear') in /home/ubuntu/workspace/GEP/GEP_Calculate.php on line 10
[13-Apr-2017 04:54:54 UTC] PHP Stack trace:
[13-Apr-2017 04:54:54 UTC] PHP   1. {main}() /home/ubuntu/workspace/GEP/GEP_Calculate.php:0
[13-Apr-2017 04:54:54 UTC] PHP Warning:  include_once(/home/ubuntu/workspace/includes/navbar.php): failed to open stream: No such file or directory in /home/ubuntu/workspace/GEP/GEP_Calculate.php on line 29
[13-Apr-2017 04:54:54 UTC] PHP Stack trace:
[13-Apr-2017 04:54:54 UTC] PHP   1. {main}() /home/ubuntu/workspace/GEP/GEP_Calculate.php:0
[13-Apr-2017 04:54:54 UTC] PHP Warning:  include_once(): Failed opening '/home/ubuntu/workspace/includes/navbar.php' for inclusion (include_path='.:/usr/share/php:/usr/share/pear') in /home/ubuntu/workspace/GEP/GEP_Calculate.php on line 29
[13-Apr-2017 04:54:54 UTC] PHP Stack trace:
[13-Apr-2017 04:54:54 UTC] PHP   1. {main}() /home/ubuntu/workspace/GEP/GEP_Calculate.php:0
[13-Apr-2017 04:55:01 UTC] PHP Warning:  include(/home/ubuntu/workspace/includes/head.php): failed to open stream: No such file or directory in /home/ubuntu/workspace/GEP/GEP_Calculate.php on line 10
[13-Apr-2017 04:55:01 UTC] PHP Stack trace:
[13-Apr-2017 04:55:01 UTC] PHP   1. {main}() /home/ubuntu/workspace/GEP/GEP_Calculate.php:0
[13-Apr-2017 04:55:01 UTC] PHP Warning:  include(): Failed opening '/home/ubuntu/workspace/includes/head.php' for inclusion (include_path='.:/usr/share/php:/usr/share/pear') in /home/ubuntu/workspace/GEP/GEP_Calculate.php on line 10
[13-Apr-2017 04:55:01 UTC] PHP Stack trace:
[13-Apr-2017 04:55:01 UTC] PHP   1. {main}() /home/ubuntu/workspace/GEP/GEP_Calculate.php:0
[13-Apr-2017 04:55:01 UTC] PHP Warning:  include_once(/home/ubuntu/workspace/includes/navbar.php): failed to open stream: No such file or directory in /home/ubuntu/workspace/GEP/GEP_Calculate.php on line 29
[13-Apr-2017 04:55:01 UTC] PHP Stack trace:
[13-Apr-2017 04:55:01 UTC] PHP   1. {main}() /home/ubuntu/workspace/GEP/GEP_Calculate.php:0
[13-Apr-2017 04:55:01 UTC] PHP Warning:  include_once(): Failed opening '/home/ubuntu/workspace/includes/navbar.php' for inclusion (include_path='.:/usr/share/php:/usr/share/pear') in /home/ubuntu/workspace/GEP/GEP_Calculate.php on line 29
[13-Apr-2017 04:55:01 UTC] PHP Stack trace:
[13-Apr-2017 04:55:01 UTC] PHP   1. {main}() /home/ubuntu/workspace/GEP/GEP_Calculate.php:0
[13-Apr-2017 04:55:10 UTC] PHP Warning:  include(/home/ubuntu/workspace/includes/head.php): failed to open stream: No such file or directory in /home/ubuntu/workspace/GEP/GEP_Calculate.php on line 10
[13-Apr-2017 04:55:10 UTC] PHP Stack trace:
[13-Apr-2017 04:55:10 UTC] PHP   1. {main}() /home/ubuntu/workspace/GEP/GEP_Calculate.php:0
[13-Apr-2017 04:55:10 UTC] PHP Warning:  include(): Failed opening '/home/ubuntu/workspace/includes/head.php' for inclusion (include_path='.:/usr/share/php:/usr/share/pear') in /home/ubuntu/workspace/GEP/GEP_Calculate.php on line 10
[13-Apr-2017 04:55:10 UTC] PHP Stack trace:
[13-Apr-2017 04:55:10 UTC] PHP   1. {main}() /home/ubuntu/workspace/GEP/GEP_Calculate.php:0
[13-Apr-2017 04:55:10 UTC] PHP Warning:  include_once(/home/ubuntu/workspace/includes/navbar.php): failed to open stream: No such file or directory in /home/ubuntu/workspace/GEP/GEP_Calculate.php on line 29
[13-Apr-2017 04:55:10 UTC] PHP Stack trace:
[13-Apr-2017 04:55:10 UTC] PHP   1. {main}() /home/ubuntu/workspace/GEP/GEP_Calculate.php:0
[13-Apr-2017 04:55:10 UTC] PHP Warning:  include_once(): Failed opening '/home/ubuntu/workspace/includes/navbar.php' for inclusion (include_path='.:/usr/share/php:/usr/share/pear') in /home/ubuntu/workspace/GEP/GEP_Calculate.php on line 29
[13-Apr-2017 04:55:10 UTC] PHP Stack trace:
[13-Apr-2017 04:55:10 UTC] PHP   1. {main}() /home/ubuntu/workspace/GEP/GEP_Calculate.php:0
[13-Apr-2017 04:55:49 UTC] PHP Warning:  include_once(/home/ubuntu/workspace/includes/navbar.php): failed to open stream: No such file or directory in /home/ubuntu/workspace/GEP/GEP_Calculate.php on line 31
[13-Apr-2017 04:55:49 UTC] PHP Stack trace:
[13-Apr-2017 04:55:49 UTC] PHP   1. {main}() /home/ubuntu/workspace/GEP/GEP_Calculate.php:0
[13-Apr-2017 04:55:49 UTC] PHP Warning:  include_once(): Failed opening '/home/ubuntu/workspace/includes/navbar.php' for inclusion (include_path='.:/usr/share/php:/usr/share/pear') in /home/ubuntu/workspace/GEP/GEP_Calculate.php on line 31
[13-Apr-2017 04:55:49 UTC] PHP Stack trace:
[13-Apr-2017 04:55:49 UTC] PHP   1. {main}() /home/ubuntu/workspace/GEP/GEP_Calculate.php:0
